<?xml version="1.0" encoding="UTF-8"?>
<!-- Generated by org.testng.reporters.JUnitReportReporter -->
<testsuite skipped="0" hostname="LAPTOP-Q9BAQ8TT" name="com.qa.APIdatadriven.DataDrivenApiTest" tests="3" failures="0" timestamp="28 Dec 2019 18:24:52 GMT" time="7.523" errors="0">
  <testcase name="addEmployees" time="6.050" classname="com.qa.APIdatadriven.DataDrivenApiTest"/>
  <testcase name="addEmployees" time="0.870" classname="com.qa.APIdatadriven.DataDrivenApiTest"/>
  <testcase name="addEmployees" time="0.603" classname="com.qa.APIdatadriven.DataDrivenApiTest"/>
</testsuite> <!-- com.qa.APIdatadriven.DataDrivenApiTest -->
